

Version:	3.50
CmdLine:	C:\Users\nicol\OneDrive\genshin\Gachapon.exe --l4j-debug
JNI:		No
WOW64:		Yes
Working dir:	C:\Users\nicol\OneDrive\genshin\.
Requires JDK:	No
Requires 64-Bit: No
Java min ver:	1.007.000
Java max ver:	
Substitute:	JAVA_HOME = C:\Program Files\Java\jdk-11
Substitute:	PATH = C:\Program Files\Common Files\Oracle\Java\javapath;C:\Windows\system32;C:\Windows;C:\Windows\System32\Wbem;C:\Windows\System32\WindowsPowerShell\v1.0\;C:\Windows\System32\OpenSSH\;C:\Program Files\Microsoft VS Code\bin;C:\xampp\php;C:\Program Files\dotnet\;C:\apache-maven-3.9.4\bin;C:\Users\alumnoinfo\AppData\Local\Microsoft\WindowsApps;C:\Users\alumnoinfo\.dotnet\tools;C:\Program Files\Java\jdk-11\bin
JRE paths:	C:\Program Files\Java\jdk-11;C:\Program Files\Common Files\Oracle\Java\javapath;C:\Windows\system32;C:\Windows;C:\Windows\System32\Wbem;C:\Windows\System32\WindowsPowerShell\v1.0\;C:\Windows\System32\OpenSSH\;C:\Program Files\Microsoft VS Code\bin;C:\xampp\php;C:\Program Files\dotnet\;C:\apache-maven-3.9.4\bin;C:\Users\alumnoinfo\AppData\Local\Microsoft\WindowsApps;C:\Users\alumnoinfo\.dotnet\tools;C:\Program Files\Java\jdk-11\bin
Check launcher:	C:\Program Files\Java\jdk-11\bin\javaw.exe (OK)
Version string: 1.011.000_020 / 64-Bit (OK)
Launcher:	C:\Program Files\Java\jdk-11\bin\javaw.exe
Launcher args:	-jar "C:\Users\nicol\OneDrive\genshin\Gachapon.exe"
Args length:	51/32768 chars
Exit code:	0


Version:	3.50
CmdLine:	C:\Users\nicol\OneDrive\genshin\Gachapon.exe --l4j-debug
JNI:		No
WOW64:		Yes
Working dir:	C:\Users\nicol\OneDrive\genshin\.
Requires JDK:	No
Requires 64-Bit: No
Java min ver:	1.007.000
Java max ver:	
Substitute:	JAVA_HOME = C:\Program Files\Java\jdk-11
Substitute:	PATH = C:\Program Files\Common Files\Oracle\Java\javapath;C:\Windows\system32;C:\Windows;C:\Windows\System32\Wbem;C:\Windows\System32\WindowsPowerShell\v1.0\;C:\Windows\System32\OpenSSH\;C:\Program Files\Microsoft VS Code\bin;C:\xampp\php;C:\Program Files\dotnet\;C:\apache-maven-3.9.4\bin;C:\Users\alumnoinfo\AppData\Local\Microsoft\WindowsApps;C:\Users\alumnoinfo\.dotnet\tools;C:\Program Files\Java\jdk-11\bin
JRE paths:	C:\Program Files\Java\jdk-11;C:\Program Files\Common Files\Oracle\Java\javapath;C:\Windows\system32;C:\Windows;C:\Windows\System32\Wbem;C:\Windows\System32\WindowsPowerShell\v1.0\;C:\Windows\System32\OpenSSH\;C:\Program Files\Microsoft VS Code\bin;C:\xampp\php;C:\Program Files\dotnet\;C:\apache-maven-3.9.4\bin;C:\Users\alumnoinfo\AppData\Local\Microsoft\WindowsApps;C:\Users\alumnoinfo\.dotnet\tools;C:\Program Files\Java\jdk-11\bin
Check launcher:	C:\Program Files\Java\jdk-11\bin\javaw.exe (OK)
Version string: 1.011.000_020 / 64-Bit (OK)
Launcher:	C:\Program Files\Java\jdk-11\bin\javaw.exe
Launcher args:	-jar "C:\Users\nicol\OneDrive\genshin\Gachapon.exe"
Args length:	51/32768 chars
Exit code:	0
